<?xml version="1.0" encoding="UTF-8"?>
<!-- Generated by org.testng.reporters.JUnitReportReporter -->
<testsuite skipped="0" hostname="Bahar-PC" name="mytestcases.LoginValidation" tests="1" failures="0" timestamp="20 Dec 2018 15:18:18 GMT" time="7.216" errors="0">
  <testcase name="testUserLogin" time="7.216" classname="mytestcases.LoginValidation"/>
</testsuite> <!-- mytestcases.LoginValidation -->
