<?xml version="1.0" encoding="UTF-8"?>
<!-- Generated by org.testng.reporters.JUnitReportReporter -->
<testsuite skipped="0" hostname="Bahar-PC" name="mytestcases.LoginValidation" tests="1" failures="0" timestamp="28 Dec 2018 14:46:39 GMT" time="4.084" errors="0">
  <testcase name="testUserLogin" time="4.084" classname="mytestcases.LoginValidation"/>
</testsuite> <!-- mytestcases.LoginValidation -->
